<?xml version="1.0" encoding="UTF-8"?>
<!-- Generated by org.testng.reporters.JUnitReportReporter -->
<testsuite hostname="Sheetal" failures="0" tests="1" name="stepdefinitions.RunnerTestNG" time="10.497" errors="0" timestamp="2023-09-30T15:56:13 PDT" skipped="0">
  <testcase classname="stepdefinitions.RunnerTestNG" name="runScenario" time="10.497"/>
  <system-out/>
</testsuite> <!-- stepdefinitions.RunnerTestNG -->
